[0123/153328.455:ERROR:process_memory_win.cc(73)] ReadMemory at 0x2640f1a7f80 of 72 bytes failed: Only part of a ReadProcessMemory or WriteProcessMemory request was completed. (0x12B)
[0123/153328.477:WARNING:pe_image_annotations_reader.cc(134)] could not read annotations list object in C:\Program Files (x86)\Google\Chrome\Application\79.0.3945.130\chrome_elf.dll
[0123/153328.477:ERROR:process_memory_win.cc(73)] ReadMemory at 0x7ffbb9e80000 of 64 bytes failed: Only part of a ReadProcessMemory or WriteProcessMemory request was completed. (0x12B)
[0123/153328.477:WARNING:pe_image_reader.cc(340)] could not read dos header from C:\Program Files (x86)\Google\Chrome\Application\79.0.3945.130\chrome_child.dll
[0123/153328.478:ERROR:process_memory_win.cc(73)] ReadMemory at 0x7ff73a110000 of 64 bytes failed: Only part of a ReadProcessMemory or WriteProcessMemory request was completed. (0x12B)
[0123/153328.480:WARNING:pe_image_reader.cc(340)] could not read dos header from C:\Program Files (x86)\Google\Chrome\Application\chrome.exe
[0123/153328.480:ERROR:process_memory_win.cc(73)] ReadMemory at 0x2640f1a7f80 of 72 bytes failed: Only part of a ReadProcessMemory or WriteProcessMemory request was completed. (0x12B)
[0123/153328.480:WARNING:pe_image_annotations_reader.cc(134)] could not read annotations list object in C:\Program Files (x86)\Google\Chrome\Application\79.0.3945.130\chrome_elf.dll
[0123/153328.480:ERROR:process_memory_win.cc(73)] ReadMemory at 0x7ffbb9e80000 of 64 bytes failed: Only part of a ReadProcessMemory or WriteProcessMemory request was completed. (0x12B)
[0123/153328.480:WARNING:pe_image_reader.cc(340)] could not read dos header from C:\Program Files (x86)\Google\Chrome\Application\79.0.3945.130\chrome_child.dll
[0123/153328.512:ERROR:process_memory_win.cc(73)] ReadMemory at 0xacf6de7000 of 102400 bytes failed: Only part of a ReadProcessMemory or WriteProcessMemory request was completed. (0x12B)
[0123/153328.513:ERROR:process_memory_win.cc(73)] ReadMemory at 0xacf75fd000 of 12288 bytes failed: Only part of a ReadProcessMemory or WriteProcessMemory request was completed. (0x12B)
[0123/153328.513:ERROR:process_memory_win.cc(73)] ReadMemory at 0xacf7dfa000 of 24576 bytes failed: Only part of a ReadProcessMemory or WriteProcessMemory request was completed. (0x12B)
[0123/153328.514:ERROR:process_memory_win.cc(73)] ReadMemory at 0xacf85fc000 of 16384 bytes failed: Only part of a ReadProcessMemory or WriteProcessMemory request was completed. (0x12B)
[0123/153328.514:ERROR:process_memory_win.cc(73)] ReadMemory at 0xacf8dfb000 of 20480 bytes failed: Only part of a ReadProcessMemory or WriteProcessMemory request was completed. (0x12B)
[0123/153328.514:ERROR:process_memory_win.cc(73)] ReadMemory at 0xacf95fe000 of 8192 bytes failed: Only part of a ReadProcessMemory or WriteProcessMemory request was completed. (0x12B)
[0123/153328.514:ERROR:process_memory_win.cc(73)] ReadMemory at 0xacf9dfd000 of 12288 bytes failed: Only part of a ReadProcessMemory or WriteProcessMemory request was completed. (0x12B)
[0123/153328.514:ERROR:process_memory_win.cc(73)] ReadMemory at 0xacfa5fb000 of 20480 bytes failed: Only part of a ReadProcessMemory or WriteProcessMemory request was completed. (0x12B)
[0123/153328.515:ERROR:process_memory_win.cc(73)] ReadMemory at 0xacfadfd000 of 12288 bytes failed: Only part of a ReadProcessMemory or WriteProcessMemory request was completed. (0x12B)
[0123/153328.515:ERROR:process_memory_win.cc(73)] ReadMemory at 0xacfb5fd000 of 12288 bytes failed: Only part of a ReadProcessMemory or WriteProcessMemory request was completed. (0x12B)
[0123/153328.515:ERROR:process_memory_win.cc(73)] ReadMemory at 0xacfbdfd000 of 12288 bytes failed: Only part of a ReadProcessMemory or WriteProcessMemory request was completed. (0x12B)
[0123/153328.515:ERROR:process_memory_win.cc(73)] ReadMemory at 0xacfc5fd000 of 12288 bytes failed: Only part of a ReadProcessMemory or WriteProcessMemory request was completed. (0x12B)
[0123/153328.515:ERROR:process_memory_win.cc(73)] ReadMemory at 0xacfcdfa000 of 24576 bytes failed: Only part of a ReadProcessMemory or WriteProcessMemory request was completed. (0x12B)
[0123/153328.516:ERROR:process_memory_win.cc(73)] ReadMemory at 0xacfddfc000 of 16384 bytes failed: Only part of a ReadProcessMemory or WriteProcessMemory request was completed. (0x12B)
[0123/153328.516:ERROR:process_memory_win.cc(73)] ReadMemory at 0xacfe5fc000 of 16384 bytes failed: Only part of a ReadProcessMemory or WriteProcessMemory request was completed. (0x12B)
[0123/153328.516:ERROR:process_memory_win.cc(73)] ReadMemory at 0xacfedfd000 of 12288 bytes failed: Only part of a ReadProcessMemory or WriteProcessMemory request was completed. (0x12B)
[0123/153328.516:ERROR:process_memory_win.cc(73)] ReadMemory at 0xacff5fb000 of 20480 bytes failed: Only part of a ReadProcessMemory or WriteProcessMemory request was completed. (0x12B)
[0123/153328.516:ERROR:process_memory_win.cc(73)] ReadMemory at 0xacff6fe000 of 8192 bytes failed: Only part of a ReadProcessMemory or WriteProcessMemory request was completed. (0x12B)
[0123/153328.517:ERROR:process_memory_win.cc(73)] ReadMemory at 0xacff7fe000 of 8192 bytes failed: Only part of a ReadProcessMemory or WriteProcessMemory request was completed. (0x12B)
[0123/153328.517:ERROR:process_memory_win.cc(73)] ReadMemory at 0xacf6405000 of 852 bytes failed: Only part of a ReadProcessMemory or WriteProcessMemory request was completed. (0x12B)
[0123/153328.517:ERROR:process_memory_win.cc(73)] ReadMemory at 0xacf6406000 of 6024 bytes failed: Only part of a ReadProcessMemory or WriteProcessMemory request was completed. (0x12B)
[0123/153328.517:ERROR:process_memory_win.cc(73)] ReadMemory at 0xacf6408000 of 6024 bytes failed: Only part of a ReadProcessMemory or WriteProcessMemory request was completed. (0x12B)
[0123/153328.517:ERROR:process_memory_win.cc(73)] ReadMemory at 0xacf640a000 of 6024 bytes failed: Only part of a ReadProcessMemory or WriteProcessMemory request was completed. (0x12B)
[0123/153328.518:ERROR:process_memory_win.cc(73)] ReadMemory at 0xacf640c000 of 6024 bytes failed: Only part of a ReadProcessMemory or WriteProcessMemory request was completed. (0x12B)
[0123/153328.518:ERROR:process_memory_win.cc(73)] ReadMemory at 0xacf640e000 of 6024 bytes failed: Only part of a ReadProcessMemory or WriteProcessMemory request was completed. (0x12B)
[0123/153328.518:ERROR:process_memory_win.cc(73)] ReadMemory at 0xacf6410000 of 6024 bytes failed: Only part of a ReadProcessMemory or WriteProcessMemory request was completed. (0x12B)
[0123/153328.518:ERROR:process_memory_win.cc(73)] ReadMemory at 0xacf6412000 of 6024 bytes failed: Only part of a ReadProcessMemory or WriteProcessMemory request was completed. (0x12B)
[0123/153328.518:ERROR:process_memory_win.cc(73)] ReadMemory at 0xacf6414000 of 6024 bytes failed: Only part of a ReadProcessMemory or WriteProcessMemory request was completed. (0x12B)
[0123/153328.518:ERROR:process_memory_win.cc(73)] ReadMemory at 0xacf6416000 of 6024 bytes failed: Only part of a ReadProcessMemory or WriteProcessMemory request was completed. (0x12B)
[0123/153328.519:ERROR:process_memory_win.cc(73)] ReadMemory at 0xacf6418000 of 6024 bytes failed: Only part of a ReadProcessMemory or WriteProcessMemory request was completed. (0x12B)
[0123/153328.519:ERROR:process_memory_win.cc(73)] ReadMemory at 0xacf641a000 of 6024 bytes failed: Only part of a ReadProcessMemory or WriteProcessMemory request was completed. (0x12B)
[0123/153328.519:ERROR:process_memory_win.cc(73)] ReadMemory at 0xacf641c000 of 6024 bytes failed: Only part of a ReadProcessMemory or WriteProcessMemory request was completed. (0x12B)
[0123/153328.519:ERROR:process_memory_win.cc(73)] ReadMemory at 0xacf641e000 of 6024 bytes failed: Only part of a ReadProcessMemory or WriteProcessMemory request was completed. (0x12B)
[0123/153328.519:ERROR:process_memory_win.cc(73)] ReadMemory at 0xacf6422000 of 6024 bytes failed: Only part of a ReadProcessMemory or WriteProcessMemory request was completed. (0x12B)
[0123/153328.519:ERROR:process_memory_win.cc(73)] ReadMemory at 0xacf6424000 of 6024 bytes failed: Only part of a ReadProcessMemory or WriteProcessMemory request was completed. (0x12B)
[0123/153328.520:ERROR:process_memory_win.cc(73)] ReadMemory at 0xacf6426000 of 6024 bytes failed: Only part of a ReadProcessMemory or WriteProcessMemory request was completed. (0x12B)
[0123/153328.520:ERROR:process_memory_win.cc(73)] ReadMemory at 0xacf6428000 of 6024 bytes failed: Only part of a ReadProcessMemory or WriteProcessMemory request was completed. (0x12B)
[0123/153328.520:ERROR:process_memory_win.cc(73)] ReadMemory at 0xacf642a000 of 6024 bytes failed: Only part of a ReadProcessMemory or WriteProcessMemory request was completed. (0x12B)
[0123/153328.520:ERROR:process_memory_win.cc(73)] ReadMemory at 0xacf642c000 of 6024 bytes failed: Only part of a ReadProcessMemory or WriteProcessMemory request was completed. (0x12B)
[0123/153328.520:ERROR:process_memory_win.cc(73)] ReadMemory at 0x2640ed40750 of 80 bytes failed: Only part of a ReadProcessMemory or WriteProcessMemory request was completed. (0x12B)
[0123/153328.520:ERROR:process_memory_win.cc(73)] ReadMemory at 0x2640ed40fe0 of 5462 bytes failed: Only part of a ReadProcessMemory or WriteProcessMemory request was completed. (0x12B)
[0123/153328.521:ERROR:process_memory_win.cc(73)] ReadMemory at 0x2640ed42540 of 1012 bytes failed: Only part of a ReadProcessMemory or WriteProcessMemory request was completed. (0x12B)
[0123/153328.521:ERROR:process_memory_win.cc(73)] ReadMemory at 0x2640ed42b88 of 118 bytes failed: Only part of a ReadProcessMemory or WriteProcessMemory request was completed. (0x12B)
[0123/153328.521:ERROR:process_memory_win.cc(73)] ReadMemory at 0x2640ed42c00 of 1428 bytes failed: Only part of a ReadProcessMemory or WriteProcessMemory request was completed. (0x12B)
[0123/153328.521:ERROR:process_memory_win.cc(73)] ReadMemory at 0x2640ed43196 of 118 bytes failed: Only part of a ReadProcessMemory or WriteProcessMemory request was completed. (0x12B)
[0123/153328.521:ERROR:process_memory_win.cc(73)] ReadMemory at 0x2640ed4320e of 100 bytes failed: Only part of a ReadProcessMemory or WriteProcessMemory request was completed. (0x12B)
[0123/153328.521:ERROR:process_memory_win.cc(73)] ReadMemory at 0x2640ed43280 of 58 bytes failed: Only part of a ReadProcessMemory or WriteProcessMemory request was completed. (0x12B)
[0123/153328.521:ERROR:process_memory_win.cc(73)] ReadMemory at 0x2640ed43380 of 132 bytes failed: Only part of a ReadProcessMemory or WriteProcessMemory request was completed. (0x12B)
[0123/153328.521:ERROR:process_memory_win.cc(73)] ReadMemory at 0x2640ed43510 of 132 bytes failed: Only part of a ReadProcessMemory or WriteProcessMemory request was completed. (0x12B)
[0123/153328.521:ERROR:process_memory_win.cc(73)] ReadMemory at 0x2640ed436d0 of 126 bytes failed: Only part of a ReadProcessMemory or WriteProcessMemory request was completed. (0x12B)
[0123/153328.521:ERROR:process_memory_win.cc(73)] ReadMemory at 0x2640ed43ab0 of 132 bytes failed: Only part of a ReadProcessMemory or WriteProcessMemory request was completed. (0x12B)
[0123/153328.521:ERROR:process_memory_win.cc(73)] ReadMemory at 0x2640ed43c40 of 64 bytes failed: Only part of a ReadProcessMemory or WriteProcessMemory request was completed. (0x12B)
[0123/153328.522:ERROR:process_memory_win.cc(73)] ReadMemory at 0x2640ed43e00 of 132 bytes failed: Only part of a ReadProcessMemory or WriteProcessMemory request was completed. (0x12B)
[0123/153328.522:ERROR:process_memory_win.cc(73)] ReadMemory at 0x2640ed440a0 of 132 bytes failed: Only part of a ReadProcessMemory or WriteProcessMemory request was completed. (0x12B)
[0123/153328.522:ERROR:process_memory_win.cc(73)] ReadMemory at 0x2640ed44230 of 68 bytes failed: Only part of a ReadProcessMemory or WriteProcessMemory request was completed. (0x12B)
[0123/153328.522:ERROR:process_memory_win.cc(73)] ReadMemory at 0x2640ed45370 of 158 bytes failed: Only part of a ReadProcessMemory or WriteProcessMemory request was completed. (0x12B)
[0123/153328.522:ERROR:process_memory_win.cc(73)] ReadMemory at 0x2640ed45450 of 132 bytes failed: Only part of a ReadProcessMemory or WriteProcessMemory request was completed. (0x12B)
[0123/153328.522:ERROR:process_memory_win.cc(73)] ReadMemory at 0x2640ed455e0 of 154 bytes failed: Only part of a ReadProcessMemory or WriteProcessMemory request was completed. (0x12B)
[0123/153328.522:ERROR:process_memory_win.cc(73)] ReadMemory at 0x2640ed463d0 of 62 bytes failed: Only part of a ReadProcessMemory or WriteProcessMemory request was completed. (0x12B)
[0123/153328.522:ERROR:process_memory_win.cc(73)] ReadMemory at 0x2640ed46420 of 132 bytes failed: Only part of a ReadProcessMemory or WriteProcessMemory request was completed. (0x12B)
[0123/153328.522:ERROR:process_memory_win.cc(73)] ReadMemory at 0x2640ed465c0 of 132 bytes failed: Only part of a ReadProcessMemory or WriteProcessMemory request was completed. (0x12B)
[0123/153328.522:ERROR:process_memory_win.cc(73)] ReadMemory at 0x2640ed466f0 of 60 bytes failed: Only part of a ReadProcessMemory or WriteProcessMemory request was completed. (0x12B)
[0123/153328.523:ERROR:process_memory_win.cc(73)] ReadMemory at 0x2640ed476dc of 512 bytes failed: Only part of a ReadProcessMemory or WriteProcessMemory request was completed. (0x12B)
[0123/153328.523:ERROR:process_memory_win.cc(73)] ReadMemory at 0x2640ed484d0 of 132 bytes failed: Only part of a ReadProcessMemory or WriteProcessMemory request was completed. (0x12B)
[0123/153328.523:ERROR:process_memory_win.cc(73)] ReadMemory at 0x2640ed4b3d0 of 64 bytes failed: Only part of a ReadProcessMemory or WriteProcessMemory request was completed. (0x12B)
[0123/153328.523:ERROR:process_memory_win.cc(73)] ReadMemory at 0x2640ed4b650 of 62 bytes failed: Only part of a ReadProcessMemory or WriteProcessMemory request was completed. (0x12B)
[0123/153328.523:ERROR:process_memory_win.cc(73)] ReadMemory at 0x2640ed4b740 of 64 bytes failed: Only part of a ReadProcessMemory or WriteProcessMemory request was completed. (0x12B)
[0123/153328.523:ERROR:process_memory_win.cc(73)] ReadMemory at 0x2640ed4b7e0 of 66 bytes failed: Only part of a ReadProcessMemory or WriteProcessMemory request was completed. (0x12B)
[0123/153328.523:ERROR:process_memory_win.cc(73)] ReadMemory at 0x2640ed4b8d0 of 60 bytes failed: Only part of a ReadProcessMemory or WriteProcessMemory request was completed. (0x12B)
[0123/153328.523:ERROR:process_memory_win.cc(73)] ReadMemory at 0x2640ed4ba10 of 64 bytes failed: Only part of a ReadProcessMemory or WriteProcessMemory request was completed. (0x12B)
[0123/153328.523:ERROR:process_memory_win.cc(73)] ReadMemory at 0x2640ed4ba60 of 62 bytes failed: Only part of a ReadProcessMemory or WriteProcessMemory request was completed. (0x12B)
[0123/153328.523:ERROR:process_memory_win.cc(73)] ReadMemory at 0x2640ed4bab0 of 60 bytes failed: Only part of a ReadProcessMemory or WriteProcessMemory request was completed. (0x12B)
[0123/153328.523:ERROR:process_memory_win.cc(73)] ReadMemory at 0x2640ed4bb00 of 64 bytes failed: Only part of a ReadProcessMemory or WriteProcessMemory request was completed. (0x12B)
[0123/153328.523:ERROR:process_memory_win.cc(73)] ReadMemory at 0x2640ed4c3f0 of 132 bytes failed: Only part of a ReadProcessMemory or WriteProcessMemory request was completed. (0x12B)
[0123/153328.523:ERROR:process_memory_win.cc(73)] ReadMemory at 0x2640ed4c520 of 132 bytes failed: Only part of a ReadProcessMemory or WriteProcessMemory request was completed. (0x12B)
[0123/153328.523:ERROR:process_memory_win.cc(73)] ReadMemory at 0x2640ed4c650 of 132 bytes failed: Only part of a ReadProcessMemory or WriteProcessMemory request was completed. (0x12B)
[0123/153328.523:ERROR:process_memory_win.cc(73)] ReadMemory at 0x2640ed4c780 of 132 bytes failed: Only part of a ReadProcessMemory or WriteProcessMemory request was completed. (0x12B)
[0123/153328.523:ERROR:process_memory_win.cc(73)] ReadMemory at 0x2640ed4c8b0 of 132 bytes failed: Only part of a ReadProcessMemory or WriteProcessMemory request was completed. (0x12B)
[0123/153328.524:ERROR:process_memory_win.cc(73)] ReadMemory at 0x2640ed4c9e0 of 132 bytes failed: Only part of a ReadProcessMemory or WriteProcessMemory request was completed. (0x12B)
[0123/153328.524:ERROR:process_memory_win.cc(73)] ReadMemory at 0x2640ed4cb10 of 132 bytes failed: Only part of a ReadProcessMemory or WriteProcessMemory request was completed. (0x12B)
[0123/153328.524:ERROR:process_memory_win.cc(73)] ReadMemory at 0x2640ed4cc40 of 132 bytes failed: Only part of a ReadProcessMemory or WriteProcessMemory request was completed. (0x12B)
[0123/153328.524:ERROR:process_memory_win.cc(73)] ReadMemory at 0x2640ed4cea0 of 132 bytes failed: Only part of a ReadProcessMemory or WriteProcessMemory request was completed. (0x12B)
[0123/153328.524:ERROR:process_memory_win.cc(73)] ReadMemory at 0x2640ed4cfd0 of 132 bytes failed: Only part of a ReadProcessMemory or WriteProcessMemory request was completed. (0x12B)
[0123/153328.524:ERROR:process_memory_win.cc(73)] ReadMemory at 0x2640ed4d100 of 132 bytes failed: Only part of a ReadProcessMemory or WriteProcessMemory request was completed. (0x12B)
[0123/153328.524:ERROR:process_memory_win.cc(73)] ReadMemory at 0x2640ed4d230 of 132 bytes failed: Only part of a ReadProcessMemory or WriteProcessMemory request was completed. (0x12B)
[0123/153328.524:ERROR:process_memory_win.cc(73)] ReadMemory at 0x2640ed4e460 of 132 bytes failed: Only part of a ReadProcessMemory or WriteProcessMemory request was completed. (0x12B)
[0123/153328.524:ERROR:process_memory_win.cc(73)] ReadMemory at 0x2640ed4e6d0 of 132 bytes failed: Only part of a ReadProcessMemory or WriteProcessMemory request was completed. (0x12B)
[0123/153328.524:ERROR:process_memory_win.cc(73)] ReadMemory at 0x2640ed4e8e0 of 132 bytes failed: Only part of a ReadProcessMemory or WriteProcessMemory request was completed. (0x12B)
[0123/153328.524:ERROR:process_memory_win.cc(73)] ReadMemory at 0x2640ed4ebc0 of 132 bytes failed: Only part of a ReadProcessMemory or WriteProcessMemory request was completed. (0x12B)
[0123/153328.524:ERROR:process_memory_win.cc(73)] ReadMemory at 0x2640ed4ef70 of 132 bytes failed: Only part of a ReadProcessMemory or WriteProcessMemory request was completed. (0x12B)
[0123/153328.524:ERROR:process_memory_win.cc(73)] ReadMemory at 0x2640ed500a0 of 132 bytes failed: Only part of a ReadProcessMemory or WriteProcessMemory request was completed. (0x12B)
[0123/153328.525:ERROR:process_memory_win.cc(73)] ReadMemory at 0x2640ed520f0 of 132 bytes failed: Only part of a ReadProcessMemory or WriteProcessMemory request was completed. (0x12B)
[0123/153328.525:ERROR:process_memory_win.cc(73)] ReadMemory at 0x2640ed543b0 of 54 bytes failed: Only part of a ReadProcessMemory or WriteProcessMemory request was completed. (0x12B)
[0123/153328.525:ERROR:process_memory_win.cc(73)] ReadMemory at 0x2640ed54ea0 of 132 bytes failed: Only part of a ReadProcessMemory or WriteProcessMemory request was completed. (0x12B)
[0123/153328.525:ERROR:process_memory_win.cc(73)] ReadMemory at 0x2640ed55b60 of 76 bytes failed: Only part of a ReadProcessMemory or WriteProcessMemory request was completed. (0x12B)
[0123/153328.525:ERROR:process_memory_win.cc(73)] ReadMemory at 0x2640ed55ce0 of 78 bytes failed: Only part of a ReadProcessMemory or WriteProcessMemory request was completed. (0x12B)
[0123/153328.525:ERROR:process_memory_win.cc(73)] ReadMemory at 0x2640ed56030 of 62 bytes failed: Only part of a ReadProcessMemory or WriteProcessMemory request was completed. (0x12B)
[0123/153328.525:ERROR:process_memory_win.cc(73)] ReadMemory at 0x2640ed56080 of 64 bytes failed: Only part of a ReadProcessMemory or WriteProcessMemory request was completed. (0x12B)
[0123/153328.525:ERROR:process_memory_win.cc(73)] ReadMemory at 0x2640ed560d0 of 62 bytes failed: Only part of a ReadProcessMemory or WriteProcessMemory request was completed. (0x12B)
[0123/153328.525:ERROR:process_memory_win.cc(73)] ReadMemory at 0x2640ed56210 of 58 bytes failed: Only part of a ReadProcessMemory or WriteProcessMemory request was completed. (0x12B)
[0123/153328.525:ERROR:process_memory_win.cc(73)] ReadMemory at 0x2640ed562b0 of 64 bytes failed: Only part of a ReadProcessMemory or WriteProcessMemory request was completed. (0x12B)
[0123/153328.525:ERROR:process_memory_win.cc(73)] ReadMemory at 0x2640ed56300 of 62 bytes failed: Only part of a ReadProcessMemory or WriteProcessMemory request was completed. (0x12B)
[0123/153328.525:ERROR:process_memory_win.cc(73)] ReadMemory at 0x2640ed566c0 of 64 bytes failed: Only part of a ReadProcessMemory or WriteProcessMemory request was completed. (0x12B)
[0123/153328.525:ERROR:process_memory_win.cc(73)] ReadMemory at 0x2640ed56710 of 60 bytes failed: Only part of a ReadProcessMemory or WriteProcessMemory request was completed. (0x12B)
[0123/153328.525:ERROR:process_memory_win.cc(73)] ReadMemory at 0x2640ed56850 of 66 bytes failed: Only part of a ReadProcessMemory or WriteProcessMemory request was completed. (0x12B)
[0123/153328.525:ERROR:process_memory_win.cc(73)] ReadMemory at 0x2640ed568a0 of 62 bytes failed: Only part of a ReadProcessMemory or WriteProcessMemory request was completed. (0x12B)
[0123/153328.526:ERROR:process_memory_win.cc(73)] ReadMemory at 0x2640ed56a30 of 62 bytes failed: Only part of a ReadProcessMemory or WriteProcessMemory request was completed. (0x12B)
[0123/153328.526:ERROR:process_memory_win.cc(73)] ReadMemory at 0x2640ed56ad0 of 60 bytes failed: Only part of a ReadProcessMemory or WriteProcessMemory request was completed. (0x12B)
[0123/153328.526:ERROR:process_memory_win.cc(73)] ReadMemory at 0x2640ed56b20 of 62 bytes failed: Only part of a ReadProcessMemory or WriteProcessMemory request was completed. (0x12B)
[0123/153328.526:ERROR:process_memory_win.cc(73)] ReadMemory at 0x2640ed56c10 of 64 bytes failed: Only part of a ReadProcessMemory or WriteProcessMemory request was completed. (0x12B)
[0123/153328.526:ERROR:process_memory_win.cc(73)] ReadMemory at 0x2640ed56d00 of 64 bytes failed: Only part of a ReadProcessMemory or WriteProcessMemory request was completed. (0x12B)
[0123/153328.526:ERROR:process_memory_win.cc(73)] ReadMemory at 0x2640ed56d50 of 60 bytes failed: Only part of a ReadProcessMemory or WriteProcessMemory request was completed. (0x12B)
[0123/153328.526:ERROR:process_memory_win.cc(73)] ReadMemory at 0x2640ed56da0 of 62 bytes failed: Only part of a ReadProcessMemory or WriteProcessMemory request was completed. (0x12B)
[0123/153328.526:ERROR:process_memory_win.cc(73)] ReadMemory at 0x2640ed56ee0 of 62 bytes failed: Only part of a ReadProcessMemory or WriteProcessMemory request was completed. (0x12B)
[0123/153328.526:ERROR:process_memory_win.cc(73)] ReadMemory at 0x2640ed56f30 of 62 bytes failed: Only part of a ReadProcessMemory or WriteProcessMemory request was completed. (0x12B)
[0123/153328.526:ERROR:process_memory_win.cc(73)] ReadMemory at 0x2640ed56f80 of 60 bytes failed: Only part of a ReadProcessMemory or WriteProcessMemory request was completed. (0x12B)
[0123/153328.526:ERROR:process_memory_win.cc(73)] ReadMemory at 0x2640ed583b0 of 132 bytes failed: Only part of a ReadProcessMemory or WriteProcessMemory request was completed. (0x12B)
[0123/153328.526:ERROR:process_memory_win.cc(73)] ReadMemory at 0x2640ed58610 of 132 bytes failed: Only part of a ReadProcessMemory or WriteProcessMemory request was completed. (0x12B)
[0123/153328.526:ERROR:process_memory_win.cc(73)] ReadMemory at 0x2640ed58740 of 132 bytes failed: Only part of a ReadProcessMemory or WriteProcessMemory request was completed. (0x12B)
[0123/153328.526:ERROR:process_memory_win.cc(73)] ReadMemory at 0x2640ed58870 of 132 bytes failed: Only part of a ReadProcessMemory or WriteProcessMemory request was completed. (0x12B)
[0123/153328.526:ERROR:process_memory_win.cc(73)] ReadMemory at 0x2640ed589a0 of 132 bytes failed: Only part of a ReadProcessMemory or WriteProcessMemory request was completed. (0x12B)
[0123/153328.526:ERROR:process_memory_win.cc(73)] ReadMemory at 0x2640ed58ad0 of 132 bytes failed: Only part of a ReadProcessMemory or WriteProcessMemory request was completed. (0x12B)
[0123/153328.526:ERROR:process_memory_win.cc(73)] ReadMemory at 0x2640ed58c00 of 132 bytes failed: Only part of a ReadProcessMemory or WriteProcessMemory request was completed. (0x12B)
[0123/153328.527:ERROR:process_memory_win.cc(73)] ReadMemory at 0x2640ed58d30 of 132 bytes failed: Only part of a ReadProcessMemory or WriteProcessMemory request was completed. (0x12B)
[0123/153328.527:ERROR:process_memory_win.cc(73)] ReadMemory at 0x2640ed58f90 of 132 bytes failed: Only part of a ReadProcessMemory or WriteProcessMemory request was completed. (0x12B)
[0123/153328.527:ERROR:process_memory_win.cc(73)] ReadMemory at 0x2640ed590c0 of 132 bytes failed: Only part of a ReadProcessMemory or WriteProcessMemory request was completed. (0x12B)
[0123/153328.527:ERROR:process_memory_win.cc(73)] ReadMemory at 0x2640ed591f0 of 132 bytes failed: Only part of a ReadProcessMemory or WriteProcessMemory request was completed. (0x12B)
[0123/153328.527:ERROR:process_memory_win.cc(73)] ReadMemory at 0x2640ed59320 of 132 bytes failed: Only part of a ReadProcessMemory or WriteProcessMemory request was completed. (0x12B)
[0123/153328.527:ERROR:process_memory_win.cc(73)] ReadMemory at 0x2640ed59580 of 132 bytes failed: Only part of a ReadProcessMemory or WriteProcessMemory request was completed. (0x12B)
[0123/153328.527:ERROR:process_memory_win.cc(73)] ReadMemory at 0x2640ed596b0 of 132 bytes failed: Only part of a ReadProcessMemory or WriteProcessMemory request was completed. (0x12B)
[0123/153328.527:ERROR:process_memory_win.cc(73)] ReadMemory at 0x2640ed597e0 of 132 bytes failed: Only part of a ReadProcessMemory or WriteProcessMemory request was completed. (0x12B)
[0123/153328.527:ERROR:process_memory_win.cc(73)] ReadMemory at 0x2640ed59910 of 132 bytes failed: Only part of a ReadProcessMemory or WriteProcessMemory request was completed. (0x12B)
[0123/153328.527:ERROR:process_memory_win.cc(73)] ReadMemory at 0x2640ed59a40 of 132 bytes failed: Only part of a ReadProcessMemory or WriteProcessMemory request was completed. (0x12B)
[0123/153328.527:ERROR:process_memory_win.cc(73)] ReadMemory at 0x2640ed59b70 of 132 bytes failed: Only part of a ReadProcessMemory or WriteProcessMemory request was completed. (0x12B)
[0123/153328.527:ERROR:process_memory_win.cc(73)] ReadMemory at 0x2640ed59f00 of 132 bytes failed: Only part of a ReadProcessMemory or WriteProcessMemory request was completed. (0x12B)
[0123/153328.527:ERROR:process_memory_win.cc(73)] ReadMemory at 0x2640ed5a160 of 132 bytes failed: Only part of a ReadProcessMemory or WriteProcessMemory request was completed. (0x12B)
[0123/153328.527:ERROR:process_memory_win.cc(73)] ReadMemory at 0x2640ed69e40 of 62 bytes failed: Only part of a ReadProcessMemory or WriteProcessMemory request was completed. (0x12B)
[0123/153328.527:ERROR:process_memory_win.cc(73)] ReadMemory at 0x2640ed6a070 of 58 bytes failed: Only part of a ReadProcessMemory or WriteProcessMemory request was completed. (0x12B)
[0123/153328.527:ERROR:process_memory_win.cc(73)] ReadMemory at 0x2640ed6a160 of 60 bytes failed: Only part of a ReadProcessMemory or WriteProcessMemory request was completed. (0x12B)
[0123/153328.528:ERROR:process_memory_win.cc(73)] ReadMemory at 0x2640ed6a340 of 58 bytes failed: Only part of a ReadProcessMemory or WriteProcessMemory request was completed. (0x12B)
[0123/153328.528:ERROR:process_memory_win.cc(73)] ReadMemory at 0x2640ed6a3e0 of 60 bytes failed: Only part of a ReadProcessMemory or WriteProcessMemory request was completed. (0x12B)
[0123/153328.528:ERROR:process_memory_win.cc(73)] ReadMemory at 0x2640ed6a4d0 of 58 bytes failed: Only part of a ReadProcessMemory or WriteProcessMemory request was completed. (0x12B)
[0123/153328.528:ERROR:process_memory_win.cc(73)] ReadMemory at 0x2640ed6a520 of 66 bytes failed: Only part of a ReadProcessMemory or WriteProcessMemory request was completed. (0x12B)
[0123/153328.528:ERROR:process_memory_win.cc(73)] ReadMemory at 0x2640ed6a6b0 of 62 bytes failed: Only part of a ReadProcessMemory or WriteProcessMemory request was completed. (0x12B)
[0123/153328.528:ERROR:process_memory_win.cc(73)] ReadMemory at 0x2640ed6dc70 of 512 bytes failed: Only part of a ReadProcessMemory or WriteProcessMemory request was completed. (0x12B)
[0123/153328.528:ERROR:process_memory_win.cc(73)] ReadMemory at 0x2640ed72e40 of 800 bytes failed: Only part of a ReadProcessMemory or WriteProcessMemory request was completed. (0x12B)
[0123/153328.528:ERROR:process_memory_win.cc(73)] ReadMemory at 0x2640ed79750 of 512 bytes failed: Only part of a ReadProcessMemory or WriteProcessMemory request was completed. (0x12B)
[0123/153328.528:ERROR:process_memory_win.cc(73)] ReadMemory at 0x2640ed79990 of 512 bytes failed: Only part of a ReadProcessMemory or WriteProcessMemory request was completed. (0x12B)
[0123/153328.528:ERROR:process_memory_win.cc(73)] ReadMemory at 0x2640eea0c40 of 512 bytes failed: Only part of a ReadProcessMemory or WriteProcessMemory request was completed. (0x12B)
[0123/153328.528:ERROR:process_memory_win.cc(73)] ReadMemory at 0x2640eea0f40 of 512 bytes failed: Only part of a ReadProcessMemory or WriteProcessMemory request was completed. (0x12B)
[0123/153328.528:ERROR:process_memory_win.cc(73)] ReadMemory at 0x2640eea1e40 of 512 bytes failed: Only part of a ReadProcessMemory or WriteProcessMemory request was completed. (0x12B)
[0123/153328.528:ERROR:process_memory_win.cc(73)] ReadMemory at 0x2640eea2740 of 512 bytes failed: Only part of a ReadProcessMemory or WriteProcessMemory request was completed. (0x12B)
[0123/153328.528:ERROR:process_memory_win.cc(73)] ReadMemory at 0x2640f2a3e90 of 512 bytes failed: Only part of a ReadProcessMemory or WriteProcessMemory request was completed. (0x12B)
[0123/153328.528:ERROR:process_memory_win.cc(73)] ReadMemory at 0x2640f2d5ac0 of 512 bytes failed: Only part of a ReadProcessMemory or WriteProcessMemory request was completed. (0x12B)
[0123/153328.529:ERROR:process_memory_win.cc(73)] ReadMemory at 0x2640f2d6420 of 512 bytes failed: Only part of a ReadProcessMemory or WriteProcessMemory request was completed. (0x12B)
[0123/153328.529:ERROR:process_memory_win.cc(73)] ReadMemory at 0x2640f2dc680 of 672 bytes failed: Only part of a ReadProcessMemory or WriteProcessMemory request was completed. (0x12B)
[0123/153328.529:ERROR:process_memory_win.cc(73)] ReadMemory at 0x2640f2ee040 of 712 bytes failed: Only part of a ReadProcessMemory or WriteProcessMemory request was completed. (0x12B)
[0123/153328.529:ERROR:process_memory_win.cc(73)] ReadMemory at 0x2640f3a7580 of 512 bytes failed: Only part of a ReadProcessMemory or WriteProcessMemory request was completed. (0x12B)
[0123/153328.529:ERROR:process_memory_win.cc(73)] ReadMemory at 0x2641127ceb0 of 512 bytes failed: Only part of a ReadProcessMemory or WriteProcessMemory request was completed. (0x12B)
[0123/153328.529:ERROR:process_memory_win.cc(73)] ReadMemory at 0x26411284aa8 of 512 bytes failed: Only part of a ReadProcessMemory or WriteProcessMemory request was completed. (0x12B)
[0123/153328.529:ERROR:process_memory_win.cc(73)] ReadMemory at 0x26411285318 of 656 bytes failed: Only part of a ReadProcessMemory or WriteProcessMemory request was completed. (0x12B)
[0123/153328.529:ERROR:process_memory_win.cc(73)] ReadMemory at 0x26411291660 of 512 bytes failed: Only part of a ReadProcessMemory or WriteProcessMemory request was completed. (0x12B)
[0123/153328.529:ERROR:process_memory_win.cc(73)] ReadMemory at 0x26411345ea0 of 512 bytes failed: Only part of a ReadProcessMemory or WriteProcessMemory request was completed. (0x12B)
[0123/153328.529:ERROR:process_memory_win.cc(73)] ReadMemory at 0x2641134ad00 of 512 bytes failed: Only part of a ReadProcessMemory or WriteProcessMemory request was completed. (0x12B)
[0123/153328.529:ERROR:process_memory_win.cc(73)] ReadMemory at 0x264113dde60 of 512 bytes failed: Only part of a ReadProcessMemory or WriteProcessMemory request was completed. (0x12B)
[0123/153328.529:ERROR:process_memory_win.cc(73)] ReadMemory at 0x264113dec10 of 512 bytes failed: Only part of a ReadProcessMemory or WriteProcessMemory request was completed. (0x12B)
[0123/153328.529:ERROR:process_memory_win.cc(73)] ReadMemory at 0x26411d8fd90 of 512 bytes failed: Only part of a ReadProcessMemory or WriteProcessMemory request was completed. (0x12B)
[0123/153328.529:ERROR:process_memory_win.cc(73)] ReadMemory at 0x26411d97360 of 512 bytes failed: Only part of a ReadProcessMemory or WriteProcessMemory request was completed. (0x12B)
[0123/153328.530:ERROR:process_memory_win.cc(73)] ReadMemory at 0x26411eae5b0 of 800 bytes failed: Only part of a ReadProcessMemory or WriteProcessMemory request was completed. (0x12B)
[0123/153328.530:ERROR:process_memory_win.cc(73)] ReadMemory at 0x26411f99bc0 of 512 bytes failed: Only part of a ReadProcessMemory or WriteProcessMemory request was completed. (0x12B)
[0123/153328.530:ERROR:process_memory_win.cc(73)] ReadMemory at 0x7ffbb9e80000 of 384 bytes failed: Only part of a ReadProcessMemory or WriteProcessMemory request was completed. (0x12B)
[0123/153328.530:ERROR:process_memory_win.cc(73)] ReadMemory at 0x7ffbb9e83efa of 512 bytes failed: Only part of a ReadProcessMemory or WriteProcessMemory request was completed. (0x12B)
[0123/153328.530:ERROR:process_memory_win.cc(73)] ReadMemory at 0x7ffbbb132e81 of 512 bytes failed: Only part of a ReadProcessMemory or WriteProcessMemory request was completed. (0x12B)
[0123/153328.530:ERROR:process_memory_win.cc(73)] ReadMemory at 0x7ffbbb495820 of 512 bytes failed: Only part of a ReadProcessMemory or WriteProcessMemory request was completed. (0x12B)
[0123/153328.530:ERROR:process_memory_win.cc(73)] ReadMemory at 0x7ffbbb49fa92 of 512 bytes failed: Only part of a ReadProcessMemory or WriteProcessMemory request was completed. (0x12B)
[0123/153328.530:ERROR:process_memory_win.cc(73)] ReadMemory at 0x7ffbbb93f0ec of 512 bytes failed: Only part of a ReadProcessMemory or WriteProcessMemory request was completed. (0x12B)
[0123/153328.530:ERROR:process_memory_win.cc(73)] ReadMemory at 0x7ffbbbbfcfa0 of 512 bytes failed: Only part of a ReadProcessMemory or WriteProcessMemory request was completed. (0x12B)
[0123/153328.530:ERROR:process_memory_win.cc(73)] ReadMemory at 0x7ffbbe54b100 of 512 bytes failed: Only part of a ReadProcessMemory or WriteProcessMemory request was completed. (0x12B)
[0123/153328.531:ERROR:process_memory_win.cc(73)] ReadMemory at 0x7ffbbe54c7db of 512 bytes failed: Only part of a ReadProcessMemory or WriteProcessMemory request was completed. (0x12B)
[0123/153328.531:ERROR:process_memory_win.cc(73)] ReadMemory at 0x7ffbbee99e2a of 512 bytes failed: Only part of a ReadProcessMemory or WriteProcessMemory request was completed. (0x12B)
[0123/153328.534:ERROR:process_memory_win.cc(73)] ReadMemory at 0x7ffbbef15490 of 512 bytes failed: Only part of a ReadProcessMemory or WriteProcessMemory request was completed. (0x12B)
[0123/153328.534:ERROR:process_memory_win.cc(73)] ReadMemory at 0x7ffc1834b6d0 of 512 bytes failed: Only part of a ReadProcessMemory or WriteProcessMemory request was completed. (0x12B)
[0123/153328.534:ERROR:process_memory_win.cc(73)] ReadMemory at 0x7ffc1b09c0c4 of 832 bytes failed: Only part of a ReadProcessMemory or WriteProcessMemory request was completed. (0x12B)
[0123/153328.534:ERROR:process_memory_win.cc(73)] ReadMemory at 0x7ffc1b09f974 of 608 bytes failed: Only part of a ReadProcessMemory or WriteProcessMemory request was completed. (0x12B)
[0123/153328.534:ERROR:process_memory_win.cc(73)] ReadMemory at 0x7ffc1b12c428 of 18 bytes failed: Only part of a ReadProcessMemory or WriteProcessMemory request was completed. (0x12B)
[0123/153328.535:ERROR:process_memory_win.cc(73)] ReadMemory at 0x7ffc1b15f4f8 of 40 bytes failed: Only part of a ReadProcessMemory or WriteProcessMemory request was completed. (0x12B)
[0123/153328.536:ERROR:process_memory_win.cc(73)] ReadMemory at 0x7ffc1b15f978 of 48 bytes failed: Only part of a ReadProcessMemory or WriteProcessMemory request was completed. (0x12B)
[0123/153328.536:ERROR:process_memory_win.cc(73)] ReadMemory at 0x7ffc1b1653c0 of 64 bytes failed: Only part of a ReadProcessMemory or WriteProcessMemory request was completed. (0x12B)
[0123/153328.539:ERROR:scoped_process_suspend.cc(40)] NtResumeProcess: An attempt was made to access an exiting process. (0xc000010a)
